<?xml version="1.0" encoding="UTF-8"?>
<!-- Generated by org.testng.reporters.JUnitReportReporter -->
<testsuite hostname="LAPTOP" failures="0" tests="2" name="RCBTeamTest" time="0.000" errors="0" timestamp="2022-09-01T01:03:39 IST" skipped="0">
  <testcase classname="RCBTeamTest" name="validateForeignPlayerCount" time="0.000"/>
  <system-out/>
  <testcase classname="RCBTeamTest" name="validateWicketKeeperPresentInSquad" time="0.000"/>
  <system-out/>
</testsuite> <!-- RCBTeamTest -->
